{
  "stats": {
    "suites": 1,
    "tests": 1,
    "passes": 0,
    "pending": 0,
    "failures": 1,
    "start": "2021-04-03T13:09:19.441Z",
    "end": "2021-04-03T13:09:57.275Z",
    "duration": 37834,
    "testsRegistered": 1,
    "passPercent": 0,
    "pendingPercent": 0,
    "other": 1,
    "hasOther": true,
    "skipped": 0,
    "hasSkipped": false
  },
  "results": [
    {
      "uuid": "17822c35-29e9-46ff-9faa-e195e0ae54da",
      "title": "",
      "fullFile": "cypress\\integration\\teste.feature",
      "file": "cypress\\integration\\teste.feature",
      "beforeHooks": [],
      "afterHooks": [],
      "tests": [],
      "suites": [
        {
          "uuid": "12f9430e-3bf6-40fc-a940-c543309692ca",
          "title": "Automatizar pagina de cadastro",
          "fullFile": "",
          "file": "",
          "beforeHooks": [],
          "afterHooks": [],
          "tests": [
            {
              "title": "Preencher o campo primeiro nome",
              "fullTitle": "Automatizar pagina de cadastro Preencher o campo primeiro nome",
              "timedOut": null,
              "duration": 12835,
              "state": "failed",
              "speed": null,
              "pass": false,
              "fail": true,
              "pending": false,
              "context": null,
              "code": "const state = window.testState;\nreturn cy\n  .then(() => state.onStartScenario(scenario, indexedSteps))\n  .then(() =>\n    resolveAndRunBeforeHooks.call(this, scenario.tags, state.feature.name)\n  )\n  .then(() =>\n    indexedSteps.forEach((step) =>\n      stepTest.call(this, state, step, rowData)\n    )\n  )\n  .then(() =>\n    resolveAndRunAfterHooks.call(this, scenario.tags, state.feature.name)\n  )\n  .then(() => state.onFinishScenario(scenario));",
              "err": {
                "message": "CypressError: Cypress command timeout of `10000ms` exceeded.\n\nBecause this error occurred during a `after all` hook we are skipping the remaining tests in the current suite: `Automatizar pagina de cadastro`",
                "estack": "CypressError: Cypress command timeout of `10000ms` exceeded.\n\nBecause this error occurred during a `after all` hook we are skipping the remaining tests in the current suite: `Automatizar pagina de cadastro`\n    at cypressErr (http://demo.automationtesting.in/__cypress/runner/cypress_runner.js:174213:18)\n    at Object.errByPath (http://demo.automationtesting.in/__cypress/runner/cypress_runner.js:174264:10)\n    at http://demo.automationtesting.in/__cypress/runner/cypress_runner.js:175857:29",
                "diff": null
              },
              "uuid": "84086bab-84d9-49d6-88aa-b64ac078495a",
              "parentUUID": "12f9430e-3bf6-40fc-a940-c543309692ca",
              "isHook": false,
              "skipped": false
            }
          ],
          "suites": [],
          "passes": [],
          "failures": [
            "84086bab-84d9-49d6-88aa-b64ac078495a"
          ],
          "pending": [],
          "skipped": [],
          "duration": 12835,
          "root": false,
          "rootEmpty": false,
          "_timeout": 2000
        }
      ],
      "passes": [],
      "failures": [],
      "pending": [],
      "skipped": [],
      "duration": 0,
      "root": true,
      "rootEmpty": true,
      "_timeout": 2000
    }
  ],
  "meta": {
    "mocha": {
      "version": "7.0.1"
    },
    "mochawesome": {
      "options": {
        "quiet": false,
        "reportFilename": "mochawesome",
        "saveHtml": true,
        "saveJson": true,
        "consoleReporter": "spec",
        "useInlineDiffs": false,
        "code": true
      },
      "version": "6.2.2"
    },
    "marge": {
      "options": {
        "overwrite": false
      },
      "version": "5.2.0"
    }
  }
}