{
  "stats": {
    "suites": 1,
    "tests": 1,
    "passes": 0,
    "pending": 0,
    "failures": 1,
    "start": "2021-04-17T14:55:53.982Z",
    "end": "2021-04-17T14:56:51.831Z",
    "duration": 57849,
    "testsRegistered": 1,
    "passPercent": 0,
    "pendingPercent": 0,
    "other": 0,
    "hasOther": false,
    "skipped": 0,
    "hasSkipped": false
  },
  "results": [
    {
      "uuid": "2fbe5c54-5e1e-448d-afcb-b3f8f0b8bafb",
      "title": "",
      "fullFile": "cypress\\integration\\teste.feature",
      "file": "cypress\\integration\\teste.feature",
      "beforeHooks": [],
      "afterHooks": [],
      "tests": [],
      "suites": [
        {
          "uuid": "ae74c819-d9b1-4edc-a007-59319d3079fe",
          "title": "Automatizar pagina de cadastro",
          "fullFile": "",
          "file": "",
          "beforeHooks": [],
          "afterHooks": [],
          "tests": [
            {
              "title": "Preencher cadastro",
              "fullTitle": "Automatizar pagina de cadastro Preencher cadastro",
              "timedOut": null,
              "duration": 57525,
              "state": "failed",
              "speed": null,
              "pass": false,
              "fail": true,
              "pending": false,
              "context": null,
              "code": "const state = window.testState;\nreturn cy\n  .then(() => state.onStartScenario(scenario, indexedSteps))\n  .then(() =>\n    resolveAndRunBeforeHooks.call(this, scenario.tags, state.feature.name)\n  )\n  .then(() =>\n    indexedSteps.forEach((step) =>\n      stepTest.call(this, state, step, rowData)\n    )\n  )\n  .then(() =>\n    resolveAndRunAfterHooks.call(this, scenario.tags, state.feature.name)\n  )\n  .then(() => state.onFinishScenario(scenario));",
              "err": {
                "message": "TypeError: Elementos.selecionarCampoLanguage is not a function",
                "estack": "TypeError: Elementos.selecionarCampoLanguage is not a function\n    at TestePage.selecionarCampoLanguage (http://demo.automationtesting.in/__cypress/tests?p=cypress\\integration\\teste.feature:206:24)\n    at Context.eval (http://demo.automationtesting.in/__cypress/tests?p=cypress\\integration\\teste.feature:123:10)\n    at Context.resolveAndRunStepDefinition (http://demo.automationtesting.in/__cypress/tests?p=cypress\\integration\\teste.feature:10670:9)\n    at Context.eval (http://demo.automationtesting.in/__cypress/tests?p=cypress\\integration\\teste.feature:10013:35)",
                "diff": null
              },
              "uuid": "c7149387-2078-42e5-b891-5f8ea92e824c",
              "parentUUID": "ae74c819-d9b1-4edc-a007-59319d3079fe",
              "isHook": false,
              "skipped": false
            }
          ],
          "suites": [],
          "passes": [],
          "failures": [
            "c7149387-2078-42e5-b891-5f8ea92e824c"
          ],
          "pending": [],
          "skipped": [],
          "duration": 57525,
          "root": false,
          "rootEmpty": false,
          "_timeout": 2000
        }
      ],
      "passes": [],
      "failures": [],
      "pending": [],
      "skipped": [],
      "duration": 0,
      "root": true,
      "rootEmpty": true,
      "_timeout": 2000
    }
  ],
  "meta": {
    "mocha": {
      "version": "7.0.1"
    },
    "mochawesome": {
      "options": {
        "quiet": false,
        "reportFilename": "mochawesome",
        "saveHtml": true,
        "saveJson": true,
        "consoleReporter": "spec",
        "useInlineDiffs": false,
        "code": true
      },
      "version": "6.2.2"
    },
    "marge": {
      "options": {
        "overwrite": false
      },
      "version": "5.2.0"
    }
  }
}