{
  "stats": {
    "suites": 1,
    "tests": 1,
    "passes": 0,
    "pending": 0,
    "failures": 1,
    "start": "2021-04-17T15:38:15.006Z",
    "end": "2021-04-17T15:39:09.036Z",
    "duration": 54030,
    "testsRegistered": 1,
    "passPercent": 0,
    "pendingPercent": 0,
    "other": 0,
    "hasOther": false,
    "skipped": 0,
    "hasSkipped": false
  },
  "results": [
    {
      "uuid": "4d2e8f16-64a2-4619-8a88-f4c6d776fd09",
      "title": "",
      "fullFile": "cypress\\integration\\teste.feature",
      "file": "cypress\\integration\\teste.feature",
      "beforeHooks": [],
      "afterHooks": [],
      "tests": [],
      "suites": [
        {
          "uuid": "5bcbfb44-27be-4748-b4b1-f7656dc66a41",
          "title": "Automatizar pagina de cadastro",
          "fullFile": "",
          "file": "",
          "beforeHooks": [],
          "afterHooks": [],
          "tests": [
            {
              "title": "Preencher cadastro",
              "fullTitle": "Automatizar pagina de cadastro Preencher cadastro",
              "timedOut": null,
              "duration": 53686,
              "state": "failed",
              "speed": null,
              "pass": false,
              "fail": true,
              "pending": false,
              "context": null,
              "code": "const state = window.testState;\nreturn cy\n  .then(() => state.onStartScenario(scenario, indexedSteps))\n  .then(() =>\n    resolveAndRunBeforeHooks.call(this, scenario.tags, state.feature.name)\n  )\n  .then(() =>\n    indexedSteps.forEach((step) =>\n      stepTest.call(this, state, step, rowData)\n    )\n  )\n  .then(() =>\n    resolveAndRunAfterHooks.call(this, scenario.tags, state.feature.name)\n  )\n  .then(() => state.onFinishScenario(scenario));",
              "err": {
                "message": "AssertionError: Timed out retrying after 10000ms: Expected to find element: `:nth-child(29) > .ui-corner-all`, but never found it.",
                "estack": "AssertionError: Timed out retrying after 10000ms: Expected to find element: `:nth-child(29) > .ui-corner-all`, but never found it.\n    at TestePage.selecionarLanguage (http://demo.automationtesting.in/__cypress/tests?p=cypress\\integration\\teste.feature:211:10)\n    at Context.eval (http://demo.automationtesting.in/__cypress/tests?p=cypress\\integration\\teste.feature:126:10)\n    at Context.resolveAndRunStepDefinition (http://demo.automationtesting.in/__cypress/tests?p=cypress\\integration\\teste.feature:10675:9)\n    at Context.eval (http://demo.automationtesting.in/__cypress/tests?p=cypress\\integration\\teste.feature:10018:35)",
                "diff": null
              },
              "uuid": "008d5621-1598-4fa4-aac9-54b715a8a112",
              "parentUUID": "5bcbfb44-27be-4748-b4b1-f7656dc66a41",
              "isHook": false,
              "skipped": false
            }
          ],
          "suites": [],
          "passes": [],
          "failures": [
            "008d5621-1598-4fa4-aac9-54b715a8a112"
          ],
          "pending": [],
          "skipped": [],
          "duration": 53686,
          "root": false,
          "rootEmpty": false,
          "_timeout": 2000
        }
      ],
      "passes": [],
      "failures": [],
      "pending": [],
      "skipped": [],
      "duration": 0,
      "root": true,
      "rootEmpty": true,
      "_timeout": 2000
    }
  ],
  "meta": {
    "mocha": {
      "version": "7.0.1"
    },
    "mochawesome": {
      "options": {
        "quiet": false,
        "reportFilename": "mochawesome",
        "saveHtml": true,
        "saveJson": true,
        "consoleReporter": "spec",
        "useInlineDiffs": false,
        "code": true
      },
      "version": "6.2.2"
    },
    "marge": {
      "options": {
        "overwrite": false
      },
      "version": "5.2.0"
    }
  }
}