{
  "stats": {
    "suites": 1,
    "tests": 1,
    "passes": 0,
    "pending": 0,
    "failures": 1,
    "start": "2021-03-27T15:40:28.518Z",
    "end": "2021-03-27T15:40:54.416Z",
    "duration": 25898,
    "testsRegistered": 1,
    "passPercent": 0,
    "pendingPercent": 0,
    "other": 0,
    "hasOther": false,
    "skipped": 0,
    "hasSkipped": false
  },
  "results": [
    {
      "uuid": "fc1f9907-0fdf-478b-b6d1-e9981c885a58",
      "title": "",
      "fullFile": "cypress\\integration\\teste.feature",
      "file": "cypress\\integration\\teste.feature",
      "beforeHooks": [],
      "afterHooks": [],
      "tests": [],
      "suites": [
        {
          "uuid": "c0a7d14d-995b-48e1-bbca-c5aea59df680",
          "title": "Automatizar pagina de cadastro",
          "fullFile": "",
          "file": "",
          "beforeHooks": [],
          "afterHooks": [],
          "tests": [
            {
              "title": "Preencher o campo primeiro nome",
              "fullTitle": "Automatizar pagina de cadastro Preencher o campo primeiro nome",
              "timedOut": null,
              "duration": 24796,
              "state": "failed",
              "speed": null,
              "pass": false,
              "fail": true,
              "pending": false,
              "context": null,
              "code": "const state = window.testState;\nreturn cy\n  .then(() => state.onStartScenario(scenario, indexedSteps))\n  .then(() =>\n    resolveAndRunBeforeHooks.call(this, scenario.tags, state.feature.name)\n  )\n  .then(() =>\n    indexedSteps.forEach((step) =>\n      stepTest.call(this, state, step, rowData)\n    )\n  )\n  .then(() =>\n    resolveAndRunAfterHooks.call(this, scenario.tags, state.feature.name)\n  )\n  .then(() => state.onFinishScenario(scenario));",
              "err": {
                "message": "TagError: adsbygoogle.push() error: No slot size for availableWidth=0",
                "estack": "TagError: adsbygoogle.push() error: No slot size for availableWidth=0\n    at sk (http://pagead2.googlesyndication.com/pagead/js/adsbygoogle.js:159:453)\n    at rk (http://pagead2.googlesyndication.com/pagead/js/adsbygoogle.js:158:137)\n    at Ek (http://pagead2.googlesyndication.com/pagead/js/adsbygoogle.js:165:239)\n    at $l (http://pagead2.googlesyndication.com/pagead/js/adsbygoogle.js:217:4)\n    at pm (http://pagead2.googlesyndication.com/pagead/js/adsbygoogle.js:220:106)\n    at om (http://pagead2.googlesyndication.com/pagead/js/adsbygoogle.js:219:657)\n    at xm (http://pagead2.googlesyndication.com/pagead/js/adsbygoogle.js:234:84)\n    at http://pagead2.googlesyndication.com/pagead/js/adsbygoogle.js:228:47\n    at De.n.ga (http://pagead2.googlesyndication.com/pagead/js/adsbygoogle.js:67:294)\n    at Me (http://pagead2.googlesyndication.com/pagead/js/adsbygoogle.js:75:107)",
                "diff": null
              },
              "uuid": "28f9f22c-7c2f-4bba-b895-657a5a1cb34f",
              "parentUUID": "c0a7d14d-995b-48e1-bbca-c5aea59df680",
              "isHook": false,
              "skipped": false
            }
          ],
          "suites": [],
          "passes": [],
          "failures": [
            "28f9f22c-7c2f-4bba-b895-657a5a1cb34f"
          ],
          "pending": [],
          "skipped": [],
          "duration": 24796,
          "root": false,
          "rootEmpty": false,
          "_timeout": 2000
        }
      ],
      "passes": [],
      "failures": [],
      "pending": [],
      "skipped": [],
      "duration": 0,
      "root": true,
      "rootEmpty": true,
      "_timeout": 2000
    }
  ],
  "meta": {
    "mocha": {
      "version": "7.0.1"
    },
    "mochawesome": {
      "options": {
        "quiet": false,
        "reportFilename": "mochawesome",
        "saveHtml": true,
        "saveJson": true,
        "consoleReporter": "spec",
        "useInlineDiffs": false,
        "code": true
      },
      "version": "6.2.2"
    },
    "marge": {
      "options": {
        "overwrite": false
      },
      "version": "5.2.0"
    }
  }
}